<?xml version="1.0" encoding="UTF-8" standalone="no"?>
<testsuite failures="0" name="cucumber.runtime.formatter.JUnitFormatter" skipped="0" tests="1" time="38.707817">
<testcase classname="Guru99 Add customer feature with DataTable and Maps" name="Guru99 Add new customer scenario with DataTable and maps" time="38.707817">
<system-out><![CDATA[Given user is already on login page.........................................passed
When title of login page is Guru99..........................................passed
Then user enter username and password.......................................passed
Then user click on login button.............................................passed
Then user is on home page...................................................passed
Then user clicks on new customer link.......................................passed
Then user enters name and gender and dd and mm and yyyy.....................passed
Then close the browser......................................................passed
]]></system-out>
</testcase>
</testsuite>
